\BOOKMARK [1][-]{section.1}{\376\377\000T\000h\000e\000o\000r\000e\000t\000i\000c\000a\000l\000\040\000C\000o\000n\000c\000e\000p\000t}{}% 1
\BOOKMARK [2][-]{subsection.1.1}{\376\377\000T\000r\000e\000e\000s}{section.1}% 2
\BOOKMARK [3][-]{subsubsection.1.1.1}{\376\377\000D\000e\000f\000i\000n\000i\000t\000i\000o\000n\000s\000\040\000o\000n\000\040\000T\000r\000e\000e\000s}{subsection.1.1}% 3
\BOOKMARK [3][-]{subsubsection.1.1.2}{\376\377\000L\000e\000v\000e\000l}{subsection.1.1}% 4
\BOOKMARK [3][-]{subsubsection.1.1.3}{\376\377\000D\000e\000p\000t\000h}{subsection.1.1}% 5
\BOOKMARK [2][-]{subsection.1.2}{\376\377\000C\000o\000t\000r\000e\000e}{section.1}% 6
\BOOKMARK [3][-]{subsubsection.1.2.1}{\376\377\000L\000e\000x\000i\000c\000o\000g\000r\000a\000p\000h\000i\000c\000\040\000P\000r\000o\000d\000u\000c\000t}{subsection.1.2}% 7
\BOOKMARK [2][-]{subsection.1.3}{\376\377\000B\000a\000l\000a\000n\000c\000i\000n\000g\000\040\000C\000o\000t\000r\000e\000e\000s}{section.1}% 8
\BOOKMARK [2][-]{subsection.1.4}{\376\377\000L\000a\000b\000e\000l\000i\000n\000g}{section.1}% 9
\BOOKMARK [2][-]{subsection.1.5}{\376\377\000C\000o\000n\000n\000e\000c\000t\000i\000o\000n\000\040\000o\000f\000\040\000d\000e\000p\000t\000h\000\040\000a\000n\000d\000\040\000l\000e\000v\000e\000l}{section.1}% 10
\BOOKMARK [2][-]{subsection.1.6}{\376\377\000B\000a\000l\000a\000n\000c\000i\000n\000g}{section.1}% 11
\BOOKMARK [2][-]{subsection.1.7}{\376\377\000P\000r\000o\000p\000e\000r\000t\000i\000e\000s\000\040\000f\000o\000r\000\040\000t\000h\000e\000\040\000l\000e\000x\000i\000c\000o\000g\000r\000a\000p\000h\000i\000c\000a\000l\000\040\000P\000r\000o\000d\000u\000c\000t\000\040\000o\000f\000\040\000C\000o\000g\000r\000a\000p\000h\000s}{section.1}% 12
\BOOKMARK [3][-]{subsubsection.1.7.1}{\376\377\000R\000e\000l\000e\000v\000a\000n\000c\000e\000\040\000o\000f\000\040\000D\000e\000p\000t\000h\000\040\000f\000o\000r\000\040\000f\000i\000n\000d\000i\000n\000g\000\040\000i\000s\000o\000m\000o\000r\000p\000h\000i\000c\000\040\000c\000o\000m\000p\000l\000e\000t\000e\000\040\000s\000u\000b\000t\000r\000e\000e\000s}{subsection.1.7}% 13
\BOOKMARK [3][-]{subsubsection.1.7.2}{\376\377\000U\000n\000a\000m\000b\000i\000g\000o\000u\000s\000\040\000d\000e\000p\000t\000h\000,\000\040\000B\000a\000l\000a\000n\000c\000e\000d\000\040\000C\000o\000t\000r\000e\000e\000s\000\040\000a\000n\000d\000\040\000F\000a\000c\000t\000o\000r\000i\000z\000a\000t\000i\000o\000n}{subsection.1.7}% 14
\BOOKMARK [3][-]{subsubsection.1.7.3}{\376\377\000H\000a\000r\000d\000\040\000p\000a\000r\000t\000\040\000o\000f\000\040\000t\000h\000e\000\040\000s\000t\000o\000r\000y}{subsection.1.7}% 15
\BOOKMARK [2][-]{subsection.1.8}{\376\377\000F\000i\000n\000d\000\040\000I\000s\000o\000m\000o\000r\000p\000h\000\040\000T\000r\000e\000e\000s\000\040\000w\000i\000t\000h\000\040\000A\000H\000U}{section.1}% 16
\BOOKMARK [3][-]{subsubsection.1.8.1}{\376\377\000K\000n\000u\000t\000h\000\040\000T\000u\000p\000l\000e\000s}{subsection.1.8}% 17
\BOOKMARK [3][-]{subsubsection.1.8.2}{\376\377\000B\000e\000t\000t\000e\000r\000\040\000I\000n\000d\000e\000x\000i\000n\000g}{subsection.1.8}% 18
\BOOKMARK [1][-]{section.2}{\376\377\000P\000r\000a\000c\000t\000i\000c\000a\000l\000\040\000I\000m\000p\000r\000o\000v\000e\000m\000e\000n\000t\000s}{}% 19
\BOOKMARK [1][-]{section.3}{\376\377\000A\000l\000g\000o\000r\000i\000t\000h\000m}{}% 20
\BOOKMARK [2][-]{subsection.3.1}{\376\377\000C\000o\000t\000r\000e\000e\000\040\000w\000i\000t\000h\000\040\000u\000n\000a\000m\000b\000i\000g\000u\000o\000u\000s\000\040\000d\000e\000p\000t\000h\000\040\000f\000r\000o\000m\000\040\000m\000i\000n\000i\000m\000a\000l\000\040\000c\000o\000t\000r\000e\000e}{section.3}% 21
